[0.378s] Invoking command in '/home/joffan/ros2_ws/src/mypkg': PYTHONPATH=/home/joffan/ros2_ws/src/mypkg/install/mypkg/lib/python3.10/site-packages:${PYTHONPATH} /usr/bin/python3 setup.py egg_info --egg-base build/mypkg build --build-base /home/joffan/ros2_ws/src/mypkg/build/mypkg/build install --prefix /home/joffan/ros2_ws/src/mypkg/install/mypkg --record /home/joffan/ros2_ws/src/mypkg/build/mypkg/install.log --single-version-externally-managed
[0.515s] running egg_info
[0.515s] creating build/mypkg/mypkg.egg-info
[0.515s] writing build/mypkg/mypkg.egg-info/PKG-INFO
[0.516s] writing dependency_links to build/mypkg/mypkg.egg-info/dependency_links.txt
[0.516s] writing entry points to build/mypkg/mypkg.egg-info/entry_points.txt
[0.516s] writing requirements to build/mypkg/mypkg.egg-info/requires.txt
[0.516s] writing top-level names to build/mypkg/mypkg.egg-info/top_level.txt
[0.516s] writing manifest file 'build/mypkg/mypkg.egg-info/SOURCES.txt'
[0.517s] reading manifest file 'build/mypkg/mypkg.egg-info/SOURCES.txt'
[0.518s] writing manifest file 'build/mypkg/mypkg.egg-info/SOURCES.txt'
[0.518s] running build
[0.518s] running build_py
[0.518s] creating /home/joffan/ros2_ws/src/mypkg/build/mypkg/build
[0.518s] creating /home/joffan/ros2_ws/src/mypkg/build/mypkg/build/lib
[0.518s] creating /home/joffan/ros2_ws/src/mypkg/build/mypkg/build/lib/mypkg
[0.518s] copying mypkg/talker.py -> /home/joffan/ros2_ws/src/mypkg/build/mypkg/build/lib/mypkg
[0.518s] copying mypkg/listener.py -> /home/joffan/ros2_ws/src/mypkg/build/mypkg/build/lib/mypkg
[0.519s] copying mypkg/__init__.py -> /home/joffan/ros2_ws/src/mypkg/build/mypkg/build/lib/mypkg
[0.519s] copying mypkg/talkr.py -> /home/joffan/ros2_ws/src/mypkg/build/mypkg/build/lib/mypkg
[0.519s] running install
[0.519s] /usr/lib/python3/dist-packages/setuptools/command/install.py:34: SetuptoolsDeprecationWarning: setup.py install is deprecated. Use build and pip and other standards-based tools.
[0.519s]   warnings.warn(
[0.519s] running install_lib
[0.519s] creating /home/joffan/ros2_ws/src/mypkg/install/mypkg/lib/python3.10/site-packages/mypkg
[0.519s] copying /home/joffan/ros2_ws/src/mypkg/build/mypkg/build/lib/mypkg/talker.py -> /home/joffan/ros2_ws/src/mypkg/install/mypkg/lib/python3.10/site-packages/mypkg
[0.519s] copying /home/joffan/ros2_ws/src/mypkg/build/mypkg/build/lib/mypkg/listener.py -> /home/joffan/ros2_ws/src/mypkg/install/mypkg/lib/python3.10/site-packages/mypkg
[0.519s] copying /home/joffan/ros2_ws/src/mypkg/build/mypkg/build/lib/mypkg/__init__.py -> /home/joffan/ros2_ws/src/mypkg/install/mypkg/lib/python3.10/site-packages/mypkg
[0.520s] copying /home/joffan/ros2_ws/src/mypkg/build/mypkg/build/lib/mypkg/talkr.py -> /home/joffan/ros2_ws/src/mypkg/install/mypkg/lib/python3.10/site-packages/mypkg
[0.520s] byte-compiling /home/joffan/ros2_ws/src/mypkg/install/mypkg/lib/python3.10/site-packages/mypkg/talker.py to talker.cpython-310.pyc
[0.520s] byte-compiling /home/joffan/ros2_ws/src/mypkg/install/mypkg/lib/python3.10/site-packages/mypkg/listener.py to listener.cpython-310.pyc
[0.520s] byte-compiling /home/joffan/ros2_ws/src/mypkg/install/mypkg/lib/python3.10/site-packages/mypkg/__init__.py to __init__.cpython-310.pyc
[0.521s] byte-compiling /home/joffan/ros2_ws/src/mypkg/install/mypkg/lib/python3.10/site-packages/mypkg/talkr.py to talkr.cpython-310.pyc
[0.521s] running install_data
[0.521s] creating /home/joffan/ros2_ws/src/mypkg/install/mypkg/share/ament_index
[0.521s] creating /home/joffan/ros2_ws/src/mypkg/install/mypkg/share/ament_index/resource_index
[0.521s] creating /home/joffan/ros2_ws/src/mypkg/install/mypkg/share/ament_index/resource_index/packages
[0.521s] copying resource/mypkg -> /home/joffan/ros2_ws/src/mypkg/install/mypkg/share/ament_index/resource_index/packages
[0.522s] copying package.xml -> /home/joffan/ros2_ws/src/mypkg/install/mypkg/share/mypkg
[0.522s] running install_egg_info
[0.523s] Copying build/mypkg/mypkg.egg-info to /home/joffan/ros2_ws/src/mypkg/install/mypkg/lib/python3.10/site-packages/mypkg-0.0.0-py3.10.egg-info
[0.524s] running install_scripts
[0.537s] Installing listener script to /home/joffan/ros2_ws/src/mypkg/install/mypkg/lib/mypkg
[0.537s] Installing talker script to /home/joffan/ros2_ws/src/mypkg/install/mypkg/lib/mypkg
[0.537s] writing list of installed files to '/home/joffan/ros2_ws/src/mypkg/build/mypkg/install.log'
[0.556s] Invoked command in '/home/joffan/ros2_ws/src/mypkg' returned '0': PYTHONPATH=/home/joffan/ros2_ws/src/mypkg/install/mypkg/lib/python3.10/site-packages:${PYTHONPATH} /usr/bin/python3 setup.py egg_info --egg-base build/mypkg build --build-base /home/joffan/ros2_ws/src/mypkg/build/mypkg/build install --prefix /home/joffan/ros2_ws/src/mypkg/install/mypkg --record /home/joffan/ros2_ws/src/mypkg/build/mypkg/install.log --single-version-externally-managed
